<?xml version="1.0" encoding="UTF-8"?>
<!-- Generated by org.testng.reporters.JUnitReportReporter -->
<testsuite hostname="niren-dell-PC" name="com.test.TestCalcAddTestng" tests="1" failures="0" timestamp="17 Sep 2015 22:22:30 GMT" time="0.039" errors="0">
  <testcase name="testAdd" time="0.039" classname="com.test.TestCalcAddTestng"/>
</testsuite> <!-- com.test.TestCalcAddTestng -->
